#
# A fatal error has been detected by the Java Runtime Environment:
#
#  EXCEPTION_ACCESS_VIOLATION (0xc0000005) at pc=0xffffffffa31c5120, pid=10492, tid=3752
#
# JRE version: Java(TM) SE Runtime Environment (8.0_45-b15) (build 1.8.0_45-b15)
# Java VM: Java HotSpot(TM) 64-Bit Server VM (25.45-b02 mixed mode windows-amd64 compressed oops)
# Problematic frame:
# C  0xffffffffa31c5120
#
# Failed to write core dump. Minidumps are not enabled by default on client versions of Windows
#
# If you would like to submit a bug report, please visit:
#   http://bugreport.java.com/bugreport/crash.jsp
#

---------------  T H R E A D  ---------------

Current thread (0x00000000020c1000):  JavaThread "main" [_thread_in_Java, id=3752, stack(0x0000000001fc0000,0x00000000020c0000)]

siginfo: ExceptionCode=0xc0000005, ExceptionInformation=0x0000000000000008 0xffffffffa31c5120

Registers:
RAX=0x00000000eb519e38, RBX=0x0000000014545120, RCX=0x0000000014545120, RDX=0x00000000eb519e38
RSP=0x00000000020bf2e8, RBP=0x00000000020bf468, RSI=0x00000000eb519e38, RDI=0x00000001000278b8
R8 =0x000000000001b02c, R9 =0x0000000000000d00, R10=0x000000000001b02c, R11=0x00000000eb519e38
R12=0x0000000000000000, R13=0x00000000020bf408, R14=0x0000000000000000, R15=0x00000000020c1000
RIP=0xffffffffa31c5120, EFLAGS=0x0000000000010202

Top of Stack: (sp=0x00000000020bf2e8)
0x00000000020bf2e8:   000000000260fd64 00000000eb5138c8
0x00000000020bf2f8:   0000000000043370 00000000eb519a60
0x00000000020bf308:   0000000000043370 00000000020bf350
0x00000000020bf318:   00000000020bf340 0000000014037f60
0x00000000020bf328:   00000000eb60e8a0 00000000eb519cc0
0x00000000020bf338:   00000000eb60e910 000000000004333e
0x00000000020bf348:   0000000000000206 00000000eb519e68
0x00000000020bf358:   0001b02c00000b68 0000000000000021
0x00000000020bf368:   00000000eb60e8a0 00000000eb519e88
0x00000000020bf378:   00000000eb5dffb8 0000000000000000
0x00000000020bf388:   0000000013ef7778 00000000020bf3c0
0x00000000020bf398:   00000000020bf3c0 00000000020bf468
0x00000000020bf3a8:   000000000260c384 00000000eb5c9890
0x00000000020bf3b8:   0000000013ef7778 00000000020bf468
0x00000000020bf3c8:   000000000260db1c ffffffffffffffff
0x00000000020bf3d8:   0000000013ef7778 00000000020bf468 

Instructions: (pc=0xffffffffa31c5120)
0xffffffffa31c5100:   
[error occurred during error reporting (printing registers, top of stack, instructions near pc), id 0xc0000005]

Register to memory mapping:

RAX=0x00000000eb519e38 is an oop
java.nio.HeapByteBuffer 
 - klass: 'java/nio/HeapByteBuffer'
RBX=0x0000000014545120 is pointing into metadata
RCX=0x0000000014545120 is pointing into metadata
RDX=0x00000000eb519e38 is an oop
java.nio.HeapByteBuffer 
 - klass: 'java/nio/HeapByteBuffer'
RSP=0x00000000020bf2e8 is pointing into the stack for thread: 0x00000000020c1000
RBP=0x00000000020bf468 is pointing into the stack for thread: 0x00000000020c1000
RSI=0x00000000eb519e38 is an oop
java.nio.HeapByteBuffer 
 - klass: 'java/nio/HeapByteBuffer'
RDI=0x00000001000278b8 is pointing into metadata
R8 =0x000000000001b02c is an unknown value
R9 =0x0000000000000d00 is an unknown value
R10=0x000000000001b02c is an unknown value
R11=0x00000000eb519e38 is an oop
java.nio.HeapByteBuffer 
 - klass: 'java/nio/HeapByteBuffer'
R12=0x0000000000000000 is an unknown value
R13=0x00000000020bf408 is pointing into the stack for thread: 0x00000000020c1000
R14=0x0000000000000000 is an unknown value
R15=0x00000000020c1000 is a thread


Stack: [0x0000000001fc0000,0x00000000020c0000],  sp=0x00000000020bf2e8,  free space=1020k
Native frames: (J=compiled Java code, j=interpreted, Vv=VM code, C=native code)
C  0xffffffffa31c5120


---------------  P R O C E S S  ---------------

Java Threads: ( => current thread )
  0x0000000016108800 JavaThread "Service Thread" daemon [_thread_blocked, id=9100, stack(0x00000000164e0000,0x00000000165e0000)]
  0x0000000014895800 JavaThread "C1 CompilerThread2" daemon [_thread_blocked, id=10624, stack(0x0000000015fe0000,0x00000000160e0000)]
  0x0000000014892800 JavaThread "C2 CompilerThread1" daemon [_thread_blocked, id=10328, stack(0x0000000015ee0000,0x0000000015fe0000)]
  0x000000001488d000 JavaThread "C2 CompilerThread0" daemon [_thread_blocked, id=11256, stack(0x0000000015de0000,0x0000000015ee0000)]
  0x000000001488b800 JavaThread "Attach Listener" daemon [_thread_blocked, id=9940, stack(0x0000000015ce0000,0x0000000015de0000)]
  0x000000001488a800 JavaThread "Signal Dispatcher" daemon [_thread_blocked, id=5292, stack(0x0000000015be0000,0x0000000015ce0000)]
  0x00000000021b8000 JavaThread "Finalizer" daemon [_thread_blocked, id=10604, stack(0x0000000015ae0000,0x0000000015be0000)]
  0x00000000021af000 JavaThread "Reference Handler" daemon [_thread_blocked, id=11068, stack(0x00000000159e0000,0x0000000015ae0000)]
=>0x00000000020c1000 JavaThread "main" [_thread_in_Java, id=3752, stack(0x0000000001fc0000,0x00000000020c0000)]

Other Threads:
  0x0000000014857800 VMThread [stack: 0x00000000158e0000,0x00000000159e0000] [id=9560]
  0x00000000148ed800 WatcherThread [stack: 0x00000000165e0000,0x00000000166e0000] [id=10316]

VM state:not at safepoint (normal execution)

VM Mutex/Monitor currently owned by a thread: None

Heap:
 PSYoungGen      total 18944K, used 13900K [0x00000000eab00000, 0x00000000ed000000, 0x0000000100000000)
  eden space 16384K, 69% used [0x00000000eab00000,0x00000000eb618468,0x00000000ebb00000)
  from space 2560K, 99% used [0x00000000ebb00000,0x00000000ebd7abb8,0x00000000ebd80000)
  to   space 2560K, 0% used [0x00000000ecd80000,0x00000000ecd80000,0x00000000ed000000)
 ParOldGen       total 44032K, used 2192K [0x00000000c0000000, 0x00000000c2b00000, 0x00000000eab00000)
  object space 44032K, 4% used [0x00000000c0000000,0x00000000c0224330,0x00000000c2b00000)
 Metaspace       used 7336K, capacity 7684K, committed 7808K, reserved 1056768K
  class space    used 775K, capacity 820K, committed 896K, reserved 1048576K

Card table byte_map: [0x0000000011580000,0x0000000011790000] byte_map_base: 0x0000000010f80000

Marking Bits: (ParMarkBitMap*) 0x000000006da84040
 Begin Bits: [0x0000000011cf0000, 0x0000000012cf0000)
 End Bits:   [0x0000000012cf0000, 0x0000000013cf0000)

Polling page: 0x0000000001e80000

CodeCache: size=245760Kb used=4837Kb max_used=4849Kb free=240922Kb
 bounds [0x00000000021c0000, 0x0000000002690000, 0x00000000111c0000]
 total_blobs=1701 nmethods=1411 adapters=205
 compilation: enabled

Compilation events (10 events):
Event: 1.832 Thread 0x0000000014895800 1408       3       java.nio.ByteBuffer::order (48 bytes)
Event: 1.832 Thread 0x0000000014892800 1410       4       java.nio.Buffer::position (43 bytes)
Event: 1.833 Thread 0x0000000014895800 nmethod 1408 0x000000000267fe90 code [0x0000000002680000, 0x0000000002680290]
Event: 1.834 Thread 0x0000000014892800 nmethod 1410 0x00000000026753d0 code [0x0000000002675500, 0x00000000026755b8]
Event: 1.834 Thread 0x0000000014892800 1411   !   4       com.android.dex.Dex$Section::writeUleb128 (55 bytes)
Event: 1.834 Thread 0x0000000014892800 nmethod 1411 0x0000000002680350 code [0x00000000026804a0, 0x0000000002680548]
Event: 1.834 Thread 0x0000000014892800 1412       4       java.nio.Buffer::limit (62 bytes)
Event: 1.835 Thread 0x000000001488d000 nmethod 1409 0x000000000267e150 code [0x000000000267e2a0, 0x000000000267e418]
Event: 1.835 Thread 0x000000001488d000 1413       4       java.nio.HeapByteBuffer::getInt (18 bytes)
Event: 1.835 Thread 0x0000000014892800 nmethod 1412 0x000000000267de50 code [0x000000000267dfa0, 0x000000000267e078]

GC Heap History (2 events):
Event: 1.342 GC heap before
{Heap before GC invocations=1 (full 0):
 PSYoungGen      total 18944K, used 16276K [0x00000000eab00000, 0x00000000ec000000, 0x0000000100000000)
  eden space 16384K, 99% used [0x00000000eab00000,0x00000000ebae53d0,0x00000000ebb00000)
  from space 2560K, 0% used [0x00000000ebd80000,0x00000000ebd80000,0x00000000ec000000)
  to   space 2560K, 0% used [0x00000000ebb00000,0x00000000ebb00000,0x00000000ebd80000)
 ParOldGen       total 44032K, used 0K [0x00000000c0000000, 0x00000000c2b00000, 0x00000000eab00000)
  object space 44032K, 0% used [0x00000000c0000000,0x00000000c0000000,0x00000000c2b00000)
 Metaspace       used 5612K, capacity 6768K, committed 7040K, reserved 1056768K
  class space    used 578K, capacity 616K, committed 640K, reserved 1048576K
Event: 1.363 GC heap after
Heap after GC invocations=1 (full 0):
 PSYoungGen      total 18944K, used 2538K [0x00000000eab00000, 0x00000000ed000000, 0x0000000100000000)
  eden space 16384K, 0% used [0x00000000eab00000,0x00000000eab00000,0x00000000ebb00000)
  from space 2560K, 99% used [0x00000000ebb00000,0x00000000ebd7abb8,0x00000000ebd80000)
  to   space 2560K, 0% used [0x00000000ecd80000,0x00000000ecd80000,0x00000000ed000000)
 ParOldGen       total 44032K, used 2192K [0x00000000c0000000, 0x00000000c2b00000, 0x00000000eab00000)
  object space 44032K, 4% used [0x00000000c0000000,0x00000000c0224330,0x00000000c2b00000)
 Metaspace       used 5612K, capacity 6768K, committed 7040K, reserved 1056768K
  class space    used 578K, capacity 616K, committed 640K, reserved 1048576K
}

Deoptimization events (10 events):
Event: 1.539 Thread 0x00000000020c1000 Uncommon trap: reason=unstable_if action=reinterpret pc=0x00000000025cce50 method=com.android.dx.util.ByteArrayAnnotatedOutput.writeByte(I)V @ 13
Event: 1.566 Thread 0x00000000020c1000 Uncommon trap: reason=class_check action=maybe_recompile pc=0x0000000002585670 method=java.util.HashMap.putVal(ILjava/lang/Object;Ljava/lang/Object;ZZ)Ljava/lang/Object; @ 56
Event: 1.566 Thread 0x00000000020c1000 Uncommon trap: reason=class_check action=maybe_recompile pc=0x00000000025856e8 method=java.util.HashMap.putVal(ILjava/lang/Object;Ljava/lang/Object;ZZ)Ljava/lang/Object; @ 152
Event: 1.566 Thread 0x00000000020c1000 Uncommon trap: reason=class_check action=maybe_recompile pc=0x0000000002585670 method=java.util.HashMap.putVal(ILjava/lang/Object;Ljava/lang/Object;ZZ)Ljava/lang/Object; @ 56
Event: 1.566 Thread 0x00000000020c1000 Uncommon trap: reason=class_check action=maybe_recompile pc=0x0000000002585670 method=java.util.HashMap.putVal(ILjava/lang/Object;Ljava/lang/Object;ZZ)Ljava/lang/Object; @ 56
Event: 1.666 Thread 0x00000000020c1000 Uncommon trap: reason=unstable_if action=reinterpret pc=0x00000000025eedb4 method=java.util.HashMap.putVal(ILjava/lang/Object;Ljava/lang/Object;ZZ)Ljava/lang/Object; @ 162
Event: 1.796 Thread 0x00000000020c1000 Uncommon trap: reason=unstable_if action=reinterpret pc=0x0000000002606b5c method=sun.misc.URLClassPath.getLoader(I)Lsun/misc/URLClassPath$Loader; @ 36
Event: 1.797 Thread 0x00000000020c1000 Uncommon trap: reason=unstable_if action=reinterpret pc=0x0000000002604054 method=sun.misc.URLClassPath.getLoader(I)Lsun/misc/URLClassPath$Loader; @ 36
Event: 1.798 Thread 0x00000000020c1000 Uncommon trap: reason=unstable_if action=reinterpret pc=0x0000000002647dbc method=sun.misc.MetaIndex.mayContain(Ljava/lang/String;)Z @ 13
Event: 1.799 Thread 0x00000000020c1000 Uncommon trap: reason=unstable_if action=reinterpret pc=0x00000000023aa344 method=sun.misc.MetaIndex.mayContain(Ljava/lang/String;)Z @ 13

Internal exceptions (6 events):
Event: 0.051 Thread 0x00000000020c1000 Exception <a 'java/lang/NoSuchMethodError': Method sun.misc.Unsafe.defineClass(Ljava/lang/String;[BII)Ljava/lang/Class; name or signature does not match> (0x00000000eab0d368) thrown at [C:\re\workspace\8-2-build-windows-amd64-cygwin\jdk8u45\3627\hotspot\sr>@„£‘ª?
Event: 0.051 Thread 0x00000000020c1000 Exception <a 'java/lang/NoSuchMethodError': Method sun.misc.Unsafe.prefetchRead(Ljava/lang/Object;J)V name or signature does not match> (0x00000000eab0d5f8) thrown at [C:\re\workspace\8-2-build-windows-amd64-cygwin\jdk8u45\3627\hotspot\src\share\vm\prims\jíl£zÆü?
Event: 1.798 Thread 0x00000000020c1000 Exception <a 'java/security/PrivilegedActionException'> (0x00000000eb4e2f08) thrown at [C:\re\workspace\8-2-build-windows-amd64-cygwin\jdk8u45\3627\hotspot\src\share\vm\prims\jvm.cpp, line 1382]
Event: 1.798 Thread 0x00000000020c1000 Exception <a 'java/security/PrivilegedActionException'> (0x00000000eb4e3250) thrown at [C:\re\workspace\8-2-build-windows-amd64-cygwin\jdk8u45\3627\hotspot\src\share\vm\prims\jvm.cpp, line 1382]
Event: 1.799 Thread 0x00000000020c1000 Exception <a 'java/security/PrivilegedActionException'> (0x00000000eb4e7318) thrown at [C:\re\workspace\8-2-build-windows-amd64-cygwin\jdk8u45\3627\hotspot\src\share\vm\prims\jvm.cpp, line 1382]
Event: 1.799 Thread 0x00000000020c1000 Exception <a 'java/security/PrivilegedActionException'> (0x00000000eb4e7660) thrown at [C:\re\workspace\8-2-build-windows-amd64-cygwin\jdk8u45\3627\hotspot\src\share\vm\prims\jvm.cpp, line 1382]

Events (10 events):
Event: 1.828 loading class java/util/Formatter$Conversion
Event: 1.828 loading class java/util/Formatter$Conversion done
Event: 1.829 loading class sun/misc/FormattedFloatingDecimal$Form
Event: 1.829 loading class sun/misc/FormattedFloatingDecimal$Form done
Event: 1.830 loading class sun/misc/FormattedFloatingDecimal
Event: 1.830 loading class sun/misc/FormattedFloatingDecimal done
Event: 1.830 loading class sun/misc/FormattedFloatingDecimal$1
Event: 1.830 loading class sun/misc/FormattedFloatingDecimal$1 done
Event: 1.830 loading class sun/misc/FormattedFloatingDecimal$2
Event: 1.830 loading class sun/misc/FormattedFloatingDecimal$2 done


Dynamic libraries:
0x00007ff7952d0000 - 0x00007ff795307000 	C:\Program Files\Java\jdk1.8.0_45\bin\java.exe
0x00007ffaff8f0000 - 0x00007ffaffa9c000 	C:\Windows\SYSTEM32\ntdll.dll
0x00007ffafd000000 - 0x00007ffafd13e000 	C:\Windows\system32\KERNEL32.DLL
0x00007ffafccf0000 - 0x00007ffafce05000 	C:\Windows\system32\KERNELBASE.dll
0x00007ffafb5c0000 - 0x00007ffafb64e000 	C:\Windows\system32\apphelp.dll
0x00007ffae8d30000 - 0x00007ffae8d83000 	C:\Windows\AppPatch\AppPatch64\AcGenral.DLL
0x00007ffafd140000 - 0x00007ffafd1ea000 	C:\Windows\system32\msvcrt.dll
0x00007ffafc810000 - 0x00007ffafc83e000 	C:\Windows\SYSTEM32\SspiCli.dll
0x00007ffaff820000 - 0x00007ffaff874000 	C:\Windows\system32\SHLWAPI.dll
0x00007ffaff5e0000 - 0x00007ffaff757000 	C:\Windows\system32\USER32.dll
0x00007ffafdc80000 - 0x00007ffafde14000 	C:\Windows\system32\ole32.dll
0x00007ffafde20000 - 0x00007ffaff34b000 	C:\Windows\system32\SHELL32.dll
0x00007ffafbfe0000 - 0x00007ffafc001000 	C:\Windows\SYSTEM32\USERENV.dll
0x00007ffaff770000 - 0x00007ffaff81a000 	C:\Windows\system32\ADVAPI32.dll
0x00007ffaf14b0000 - 0x00007ffaf14ce000 	C:\Windows\SYSTEM32\MPR.dll
0x00007ffafd3e0000 - 0x00007ffafd521000 	C:\Windows\system32\RPCRT4.dll
0x00007ffafd810000 - 0x00007ffafd869000 	C:\Windows\SYSTEM32\sechost.dll
0x00007ffafd5f0000 - 0x00007ffafd801000 	C:\Windows\SYSTEM32\combase.dll
0x00007ffafd230000 - 0x00007ffafd37f000 	C:\Windows\system32\GDI32.dll
0x00007ffafca40000 - 0x00007ffafca55000 	C:\Windows\SYSTEM32\profapi.dll
0x00007ffafb500000 - 0x00007ffafb5b2000 	C:\Windows\SYSTEM32\SHCORE.dll
0x00007ffafd1f0000 - 0x00007ffafd226000 	C:\Windows\system32\IMM32.DLL
0x00007ffafd870000 - 0x00007ffafd9c2000 	C:\Windows\system32\MSCTF.dll
0x00007ffafa710000 - 0x00007ffafa98b000 	C:\Windows\WinSxS\amd64_microsoft.windows.common-controls_6595b64144ccf1df_6.0.9600.18006_none_623f33d3ecbe86e8\COMCTL32.dll
0x000000006ce00000 - 0x000000006ced2000 	C:\Program Files\Java\jdk1.8.0_45\jre\bin\msvcr100.dll
0x000000006d280000 - 0x000000006db03000 	C:\Program Files\Java\jdk1.8.0_45\jre\bin\server\jvm.dll
0x00007ffae7060000 - 0x00007ffae7069000 	C:\Windows\SYSTEM32\WSOCK32.dll
0x00007ffaf8f80000 - 0x00007ffaf8fa2000 	C:\Windows\SYSTEM32\WINMM.dll
0x00007ffafa670000 - 0x00007ffafa67a000 	C:\Windows\SYSTEM32\VERSION.dll
0x00007ffaff760000 - 0x00007ffaff767000 	C:\Windows\system32\PSAPI.DLL
0x00007ffaff880000 - 0x00007ffaff8da000 	C:\Windows\system32\WS2_32.dll
0x00007ffaf8ed0000 - 0x00007ffaf8efa000 	C:\Windows\SYSTEM32\WINMMBASE.dll
0x00007ffaff5c0000 - 0x00007ffaff5c9000 	C:\Windows\system32\NSI.dll
0x00007ffafcf20000 - 0x00007ffafcf6f000 	C:\Windows\SYSTEM32\cfgmgr32.dll
0x00007ffafb830000 - 0x00007ffafb858000 	C:\Windows\SYSTEM32\DEVOBJ.dll
0x000000006d270000 - 0x000000006d27f000 	C:\Program Files\Java\jdk1.8.0_45\jre\bin\verify.dll
0x000000006d240000 - 0x000000006d269000 	C:\Program Files\Java\jdk1.8.0_45\jre\bin\java.dll
0x000000006d220000 - 0x000000006d236000 	C:\Program Files\Java\jdk1.8.0_45\jre\bin\zip.dll
0x00007ffaf0ad0000 - 0x00007ffaf0c59000 	C:\Windows\SYSTEM32\dbghelp.dll

VM Arguments:
jvm_args: -Xmx1024M -Dfile.encoding=windows-1252 -Duser.country=ES -Duser.language=es -Duser.variant 
java_command: com.android.dx.command.Main --dex --num-threads=4 --output C:\dam\ProgramacionMultimedia\Xml_interno_lista\app\build\intermediates\dex\debug C:\dam\ProgramacionMultimedia\Xml_interno_lista\app\build\intermediates\classes\debug C:\dam\ProgramacionMultimedia\Xml_interno_lista\app\build\intermediates\pre-dexed\debug\support-annotations-23.1.0-fc80e34357bf597130664351e7099bedb8a017ea.jar C:\dam\ProgramacionMultimedia\Xml_interno_lista\app\build\intermediates\pre-dexed\debug\internal_impl-23.1.0-7758317e940c82a763b697548b0c0172b9ccd03f.jar C:\dam\ProgramacionMultimedia\Xml_interno_lista\app\build\intermediates\pre-dexed\debug\classes-245d93cf0f71780d29e779ea85525c30d290349a.jar C:\dam\ProgramacionMultimedia\Xml_interno_lista\app\build\intermediates\pre-dexed\debug\classes-7167ad865597c910a906f0dd867be76a2881b006.jar
java_class_path (initial): C:\AndroidSDK\build-tools\build-tools-23.0.1\lib\dx.jar
Launcher Type: SUN_STANDARD

Environment Variables:
PATH=C:\Program Files (x86)\IDM Computer Solutions\UltraEdit\;C:\Python27;C:\Program Files (x86)\IDM Computer Solutions\UltraEdit\
USERNAME=Alvaro
OS=Windows_NT
PROCESSOR_IDENTIFIER=Intel64 Family 6 Model 23 Stepping 7, GenuineIntel



---------------  S Y S T E M  ---------------

OS: Windows 8.1 , 64 bit Build 9600 (6.3.9600.17415)

CPU:total 4 (4 cores per cpu, 1 threads per core) family 6 model 23 stepping 7, cmov, cx8, fxsr, mmx, sse, sse2, sse3, ssse3, sse4.1, tsc

Memory: 4k page, physical 4191444k(759132k free), swap 6993232k(1682448k free)

vm_info: Java HotSpot(TM) 64-Bit Server VM (25.45-b02) for windows-amd64 JRE (1.8.0_45-b15), built on Apr 30 2015 12:40:44 by "java_re" with MS VC++ 10.0 (VS2010)

time: Wed Nov 25 18:20:44 2015
elapsed time: 1 seconds (0d 0h 0m 1s)

